<?xml version="1.0" encoding="UTF-8" ?>
<testsuite tests="4" failures="4" name="ua.lviv.iot.gym.GymManagerUtilsTest" time="0" errors="0" skipped="0">
  <properties>
    <property name="java.runtime.name" value="Java(TM) SE Runtime Environment"/>
    <property name="java.vm.version" value="13.0.1+9"/>
    <property name="sun.boot.library.path" value="C:\Program Files\Java\jdk-13.0.1\bin"/>
    <property name="maven.multiModuleProjectDirectory" value="C:/Users/Taras/working/works"/>
    <property name="java.vm.vendor" value="Oracle Corporation"/>
    <property name="java.vendor.url" value="https://java.oracle.com/"/>
    <property name="guice.disable.misplaced.annotation.check" value="true"/>
    <property name="path.separator" value=";"/>
    <property name="java.vm.name" value="Java HotSpot(TM) 64-Bit Server VM"/>
    <property name="sun.os.patch.level" value="Service Pack 1"/>
    <property name="user.script" value=""/>
    <property name="user.country" value="UA"/>
    <property name="sun.java.launcher" value="SUN_STANDARD"/>
    <property name="java.vm.specification.name" value="Java Virtual Machine Specification"/>
    <property name="user.dir" value="C:\Users\Taras\working\works"/>
    <property name="java.vm.compressedOopsMode" value="32-bit"/>
    <property name="java.runtime.version" value="13.0.1+9"/>
    <property name="os.arch" value="amd64"/>
    <property name="java.io.tmpdir" value="C:\Users\Taras\AppData\Local\Temp\"/>
    <property name="line.separator" value="
"/>
    <property name="java.vm.specification.vendor" value="Oracle Corporation"/>
    <property name="user.variant" value=""/>
    <property name="os.name" value="Windows 7"/>
    <property name="classworlds.conf" value="C:/Users/Taras/maven/bin/m2.conf"/>
    <property name="sun.jnu.encoding" value="Cp1251"/>
    <property name="java.library.path" value="C:\Program Files\Java\jdk-13.0.1\bin;C:\Windows\Sun\Java\bin;C:\Windows\system32;C:\Windows;C:\Users\Taras\bin;D:\git\Git\mingw64\bin;D:\git\Git\usr\local\bin;D:\git\Git\usr\bin;D:\git\Git\usr\bin;D:\git\Git\mingw64\bin;D:\git\Git\usr\bin;C:\Users\Taras\bin;%JAVA_HOME%\bin;%M2_HOME%\bin;C:\MinGW\bin;C:\MinGW\MSYS\1.0\bin;C:\MinGW\MSYS\1.0\local\bin;C:\Program Files\Java\jdk-13.0.1\bin;C:\Users\Taras\maven\bin;D:\git\Git\usr\bin\vendor_perl;D:\git\Git\usr\bin\core_perl;."/>
    <property name="maven.conf" value="C:/Users/Taras/maven/conf"/>
    <property name="jdk.debug" value="release"/>
    <property name="java.class.version" value="57.0"/>
    <property name="java.specification.name" value="Java Platform API Specification"/>
    <property name="sun.management.compiler" value="HotSpot 64-Bit Tiered Compilers"/>
    <property name="os.version" value="6.1"/>
    <property name="library.jansi.path" value="C:/Users/Taras/maven/lib/jansi-native"/>
    <property name="user.home" value="C:\Users\Taras"/>
    <property name="user.timezone" value="Europe/Kiev"/>
    <property name="file.encoding" value="Cp1251"/>
    <property name="java.specification.version" value="13"/>
    <property name="user.name" value="Taras"/>
    <property name="java.class.path" value="C:/Users/Taras/maven/boot/plexus-classworlds-2.6.0.jar"/>
    <property name="java.vm.specification.version" value="13"/>
    <property name="sun.arch.data.model" value="64"/>
    <property name="sun.java.command" value="org.codehaus.plexus.classworlds.launcher.Launcher clean test"/>
    <property name="java.home" value="C:\Program Files\Java\jdk-13.0.1"/>
    <property name="user.language" value="uk"/>
    <property name="java.specification.vendor" value="Oracle Corporation"/>
    <property name="java.vm.info" value="mixed mode, sharing"/>
    <property name="java.version" value="13.0.1"/>
    <property name="java.vendor" value="Oracle Corporation"/>
    <property name="maven.home" value="C:\Users\Taras\maven"/>
    <property name="file.separator" value="\"/>
    <property name="java.version.date" value="2019-10-15"/>
    <property name="java.vendor.url.bug" value="https://bugreport.java.com/bugreport/"/>
    <property name="sun.io.unicode.encoding" value="UnicodeLittle"/>
    <property name="sun.cpu.endian" value="little"/>
    <property name="sun.cpu.isalist" value="amd64"/>
  </properties>
  <testcase classname="ua.lviv.iot.gym.GymManagerUtilsTest" name="ua.lviv.iot.gym.GymManagerUtilsTest.testSortByProducingCountry" time="0">
    <failure type="java.lang.NullPointerException">java.lang.NullPointerException
	at ua.lviv.iot.gym.manager.GymManagerUtils.sortByProducingCountry(GymManagerUtils.java:40)
	at ua.lviv.iot.gym.GymManagerUtilsTest.testSortByProducingCountry(GymManagerUtilsTest.java:27)
</failure>
  </testcase>
  <testcase classname="ua.lviv.iot.gym.GymManagerUtilsTest" name="ua.lviv.iot.gym.GymManagerUtilsTest.testSortByPriceAsc" time="0">
    <failure type="java.lang.NullPointerException">java.lang.NullPointerException
	at ua.lviv.iot.gym.manager.GymManagerUtils.sortExerciseMachinesByPrice(GymManagerUtils.java:33)
	at ua.lviv.iot.gym.GymManagerUtilsTest.testSortByPriceAsc(GymManagerUtilsTest.java:13)
</failure>
  </testcase>
  <testcase classname="ua.lviv.iot.gym.GymManagerUtilsTest" name="ua.lviv.iot.gym.GymManagerUtilsTest.testSortByModelDes" time="0">
    <failure type="java.lang.NullPointerException">java.lang.NullPointerException
	at ua.lviv.iot.gym.manager.GymManagerUtils.sortByModel(GymManagerUtils.java:61)
	at ua.lviv.iot.gym.GymManagerUtilsTest.testSortByModelDes(GymManagerUtilsTest.java:20)
</failure>
  </testcase>
  <testcase classname="ua.lviv.iot.gym.GymManagerUtilsTest" name="ua.lviv.iot.gym.GymManagerUtilsTest.testSortByDuration" time="0">
    <failure type="java.lang.NullPointerException">java.lang.NullPointerException
	at ua.lviv.iot.gym.manager.GymManagerUtils.sortExerciseMachinesByDuration(GymManagerUtils.java:72)
	at ua.lviv.iot.gym.GymManagerUtilsTest.testSortByDuration(GymManagerUtilsTest.java:34)
</failure>
  </testcase>
</testsuite>